Determining if the pthread_create exist failed with the following output:
Change Dir: /GPUFS/sysu_hpcedu_302/luowle/tem/CUDA-learn/Calculate_2D_entropy/sources/bin/CMakeFiles/CMakeTmp

Run Build Command(s):/usr/bin/gmake cmTC_d5f51/fast 
/usr/bin/gmake -f CMakeFiles/cmTC_d5f51.dir/build.make CMakeFiles/cmTC_d5f51.dir/build
gmake[1]: Entering directory `/GPUFS/sysu_hpcedu_302/asc20/luowle/tem/CUDA-learn/Calculate_2D_entropy/sources/bin/CMakeFiles/CMakeTmp'
Building C object CMakeFiles/cmTC_d5f51.dir/CheckSymbolExists.c.o
/usr/bin/cc   -fPIC    -o CMakeFiles/cmTC_d5f51.dir/CheckSymbolExists.c.o   -c /GPUFS/sysu_hpcedu_302/luowle/tem/CUDA-learn/Calculate_2D_entropy/sources/bin/CMakeFiles/CMakeTmp/CheckSymbolExists.c
Linking C executable cmTC_d5f51
/GPUFS/app_GPU/application/cmake/3.14.3/bin/cmake -E cmake_link_script CMakeFiles/cmTC_d5f51.dir/link.txt --verbose=1
/usr/bin/cc -fPIC     -rdynamic CMakeFiles/cmTC_d5f51.dir/CheckSymbolExists.c.o  -o cmTC_d5f51 
CMakeFiles/cmTC_d5f51.dir/CheckSymbolExists.c.o: In function `main':
CheckSymbolExists.c:(.text+0x1b): undefined reference to `pthread_create'
collect2: error: ld returned 1 exit status
gmake[1]: *** [cmTC_d5f51] Error 1
gmake[1]: Leaving directory `/GPUFS/sysu_hpcedu_302/asc20/luowle/tem/CUDA-learn/Calculate_2D_entropy/sources/bin/CMakeFiles/CMakeTmp'
gmake: *** [cmTC_d5f51/fast] Error 2

File /GPUFS/sysu_hpcedu_302/luowle/tem/CUDA-learn/Calculate_2D_entropy/sources/bin/CMakeFiles/CMakeTmp/CheckSymbolExists.c:
/* */
#include <pthread.h>

int main(int argc, char** argv)
{
  (void)argv;
#ifndef pthread_create
  return ((int*)(&pthread_create))[argc];
#else
  (void)argc;
  return 0;
#endif
}

Determining if the function pthread_create exists in the pthreads failed with the following output:
Change Dir: /GPUFS/sysu_hpcedu_302/luowle/tem/CUDA-learn/Calculate_2D_entropy/sources/bin/CMakeFiles/CMakeTmp

Run Build Command(s):/usr/bin/gmake cmTC_ad216/fast 
/usr/bin/gmake -f CMakeFiles/cmTC_ad216.dir/build.make CMakeFiles/cmTC_ad216.dir/build
gmake[1]: Entering directory `/GPUFS/sysu_hpcedu_302/asc20/luowle/tem/CUDA-learn/Calculate_2D_entropy/sources/bin/CMakeFiles/CMakeTmp'
Building C object CMakeFiles/cmTC_ad216.dir/CheckFunctionExists.c.o
/usr/bin/cc   -fPIC -DCHECK_FUNCTION_EXISTS=pthread_create   -o CMakeFiles/cmTC_ad216.dir/CheckFunctionExists.c.o   -c /GPUFS/app_GPU/application/cmake/3.14.3/share/cmake-3.14/Modules/CheckFunctionExists.c
Linking C executable cmTC_ad216
/GPUFS/app_GPU/application/cmake/3.14.3/bin/cmake -E cmake_link_script CMakeFiles/cmTC_ad216.dir/link.txt --verbose=1
/usr/bin/cc -fPIC -DCHECK_FUNCTION_EXISTS=pthread_create    -rdynamic CMakeFiles/cmTC_ad216.dir/CheckFunctionExists.c.o  -o cmTC_ad216 -lpthreads 
/usr/bin/ld: cannot find -lpthreads
collect2: error: ld returned 1 exit status
gmake[1]: *** [cmTC_ad216] Error 1
gmake[1]: Leaving directory `/GPUFS/sysu_hpcedu_302/asc20/luowle/tem/CUDA-learn/Calculate_2D_entropy/sources/bin/CMakeFiles/CMakeTmp'
gmake: *** [cmTC_ad216/fast] Error 2


